Removed Pin From Net: NetName=GND Pin=IC39-Y22
Change component parameters: Designator = "FL1"; Footprint = "LFCV-52+_LPF_v2"; UniqueID = "\PUHJFVAP"
Change component parameters. Clean all parameters for all variants
Change component parameters (AddParameter): Name = "Assembly Info"; Value = ""; VariantName = "[No Variations]"
Change component parameters (AddParameter): Name = "Manufacturer"; Value = "Mini Circuits"; VariantName = "[No Variations]"
Change component parameters (AddParameter): Name = "Manufacturer Part Number 1"; Value = "LFCV-52+"; VariantName = "[No Variations]"
Change component parameters (AddParameter): Name = "Part Description"; Value = "Ceramic Low Pass Filter, 50?, DC to 52 MHz"; VariantName = "[No Variations]"
Change component parameters (AddParameter): Name = "Supplier 1"; Value = "Mini Circuits"; VariantName = "[No Variations]"
Change component parameters (AddParameter): Name = "Supplier Part Number 1"; Value = "LFCV-52+"; VariantName = "[No Variations]"
Change component parameters: Designator = "FL2"; Footprint = "LFCV-52+_LPF_v2"; UniqueID = "\CWTECRFX"
Change component parameters. Clean all parameters for all variants
Change component parameters (AddParameter): Name = "Assembly Info"; Value = ""; VariantName = "[No Variations]"
Change component parameters (AddParameter): Name = "Manufacturer"; Value = "Mini Circuits"; VariantName = "[No Variations]"
Change component parameters (AddParameter): Name = "Manufacturer Part Number 1"; Value = "LFCV-52+"; VariantName = "[No Variations]"
Change component parameters (AddParameter): Name = "Part Description"; Value = "Ceramic Low Pass Filter, 50?, DC to 52 MHz"; VariantName = "[No Variations]"
Change component parameters (AddParameter): Name = "Supplier 1"; Value = "Mini Circuits"; VariantName = "[No Variations]"
Change component parameters (AddParameter): Name = "Supplier Part Number 1"; Value = "LFCV-52+"; VariantName = "[No Variations]"
Change component parameters: Designator = "FL3"; Footprint = "LFCV-52+_LPF_v2"; UniqueID = "\SRGMQUVN"
Change component parameters. Clean all parameters for all variants
Change component parameters (AddParameter): Name = "Assembly Info"; Value = ""; VariantName = "[No Variations]"
Change component parameters (AddParameter): Name = "Manufacturer"; Value = "Mini Circuits"; VariantName = "[No Variations]"
Change component parameters (AddParameter): Name = "Manufacturer Part Number 1"; Value = "LFCV-52+"; VariantName = "[No Variations]"
Change component parameters (AddParameter): Name = "Part Description"; Value = "Ceramic Low Pass Filter, 50?, DC to 52 MHz"; VariantName = "[No Variations]"
Change component parameters (AddParameter): Name = "Supplier 1"; Value = "Mini Circuits"; VariantName = "[No Variations]"
Change component parameters (AddParameter): Name = "Supplier Part Number 1"; Value = "LFCV-52+"; VariantName = "[No Variations]"
Change component parameters: Designator = "FL4"; Footprint = "LFCV-52+_LPF_v2"; UniqueID = "\ATCDUGBR"
Change component parameters. Clean all parameters for all variants
Change component parameters (AddParameter): Name = "Assembly Info"; Value = ""; VariantName = "[No Variations]"
Change component parameters (AddParameter): Name = "Manufacturer"; Value = "Mini Circuits"; VariantName = "[No Variations]"
Change component parameters (AddParameter): Name = "Manufacturer Part Number 1"; Value = "LFCV-52+"; VariantName = "[No Variations]"
Change component parameters (AddParameter): Name = "Part Description"; Value = "Ceramic Low Pass Filter, 50?, DC to 52 MHz"; VariantName = "[No Variations]"
Change component parameters (AddParameter): Name = "Supplier 1"; Value = "Mini Circuits"; VariantName = "[No Variations]"
Change component parameters (AddParameter): Name = "Supplier Part Number 1"; Value = "LFCV-52+"; VariantName = "[No Variations]"
Change component parameters: Designator = "FL5"; Footprint = "LFCV-52+_LPF_v2"; UniqueID = "\QCQPIGTW"
Change component parameters. Clean all parameters for all variants
Change component parameters (AddParameter): Name = "Assembly Info"; Value = ""; VariantName = "[No Variations]"
Change component parameters (AddParameter): Name = "Manufacturer"; Value = "Mini Circuits"; VariantName = "[No Variations]"
Change component parameters (AddParameter): Name = "Manufacturer Part Number 1"; Value = "LFCV-52+"; VariantName = "[No Variations]"
Change component parameters (AddParameter): Name = "Part Description"; Value = "Ceramic Low Pass Filter, 50?, DC to 52 MHz"; VariantName = "[No Variations]"
Change component parameters (AddParameter): Name = "Supplier 1"; Value = "Mini Circuits"; VariantName = "[No Variations]"
Change component parameters (AddParameter): Name = "Supplier Part Number 1"; Value = "LFCV-52+"; VariantName = "[No Variations]"
Change component parameters: Designator = "FL6"; Footprint = "LFCV-52+_LPF_v2"; UniqueID = "\VCERYEMB"
Change component parameters. Clean all parameters for all variants
Change component parameters (AddParameter): Name = "Assembly Info"; Value = ""; VariantName = "[No Variations]"
Change component parameters (AddParameter): Name = "Manufacturer"; Value = "Mini Circuits"; VariantName = "[No Variations]"
Change component parameters (AddParameter): Name = "Manufacturer Part Number 1"; Value = "LFCV-52+"; VariantName = "[No Variations]"
Change component parameters (AddParameter): Name = "Part Description"; Value = "Ceramic Low Pass Filter, 50?, DC to 52 MHz"; VariantName = "[No Variations]"
Change component parameters (AddParameter): Name = "Supplier 1"; Value = "Mini Circuits"; VariantName = "[No Variations]"
Change component parameters (AddParameter): Name = "Supplier Part Number 1"; Value = "LFCV-52+"; VariantName = "[No Variations]"
Change component parameters: Designator = "FL7"; Footprint = "LFCV-52+_LPF_v2"; UniqueID = "\SDCRXULP"
Change component parameters. Clean all parameters for all variants
Change component parameters (AddParameter): Name = "Assembly Info"; Value = ""; VariantName = "[No Variations]"
Change component parameters (AddParameter): Name = "Manufacturer"; Value = "Mini Circuits"; VariantName = "[No Variations]"
Change component parameters (AddParameter): Name = "Manufacturer Part Number 1"; Value = "LFCV-52+"; VariantName = "[No Variations]"
Change component parameters (AddParameter): Name = "Part Description"; Value = "Ceramic Low Pass Filter, 50?, DC to 52 MHz"; VariantName = "[No Variations]"
Change component parameters (AddParameter): Name = "Supplier 1"; Value = "Mini Circuits"; VariantName = "[No Variations]"
Change component parameters (AddParameter): Name = "Supplier Part Number 1"; Value = "LFCV-52+"; VariantName = "[No Variations]"
Change component parameters: Designator = "FL8"; Footprint = "LFCV-52+_LPF_v2"; UniqueID = "\YKCSTKHY"
Change component parameters. Clean all parameters for all variants
Change component parameters (AddParameter): Name = "Assembly Info"; Value = ""; VariantName = "[No Variations]"
Change component parameters (AddParameter): Name = "Manufacturer"; Value = "Mini Circuits"; VariantName = "[No Variations]"
Change component parameters (AddParameter): Name = "Manufacturer Part Number 1"; Value = "LFCV-52+"; VariantName = "[No Variations]"
Change component parameters (AddParameter): Name = "Part Description"; Value = "Ceramic Low Pass Filter, 50?, DC to 52 MHz"; VariantName = "[No Variations]"
Change component parameters (AddParameter): Name = "Supplier 1"; Value = "Mini Circuits"; VariantName = "[No Variations]"
Change component parameters (AddParameter): Name = "Supplier Part Number 1"; Value = "LFCV-52+"; VariantName = "[No Variations]"
Change component parameters: Designator = "FL9"; Footprint = "LFCV-52+_LPF_v2"; UniqueID = "\WBNDRHNG"
Change component parameters. Clean all parameters for all variants
Change component parameters (AddParameter): Name = "Assembly Info"; Value = ""; VariantName = "[No Variations]"
Change component parameters (AddParameter): Name = "Manufacturer"; Value = "Mini Circuits"; VariantName = "[No Variations]"
Change component parameters (AddParameter): Name = "Manufacturer Part Number 1"; Value = "LFCV-52+"; VariantName = "[No Variations]"
Change component parameters (AddParameter): Name = "Part Description"; Value = "Ceramic Low Pass Filter, 50?, DC to 52 MHz"; VariantName = "[No Variations]"
Change component parameters (AddParameter): Name = "Supplier 1"; Value = "Mini Circuits"; VariantName = "[No Variations]"
Change component parameters (AddParameter): Name = "Supplier Part Number 1"; Value = "LFCV-52+"; VariantName = "[No Variations]"
Change component parameters: Designator = "FL10"; Footprint = "LFCV-52+_LPF_v2"; UniqueID = "\VYKGGSTU"
Change component parameters. Clean all parameters for all variants
Change component parameters (AddParameter): Name = "Assembly Info"; Value = ""; VariantName = "[No Variations]"
Change component parameters (AddParameter): Name = "Manufacturer"; Value = "Mini Circuits"; VariantName = "[No Variations]"
Change component parameters (AddParameter): Name = "Manufacturer Part Number 1"; Value = "LFCV-52+"; VariantName = "[No Variations]"
Change component parameters (AddParameter): Name = "Part Description"; Value = "Ceramic Low Pass Filter, 50?, DC to 52 MHz"; VariantName = "[No Variations]"
Change component parameters (AddParameter): Name = "Supplier 1"; Value = "Mini Circuits"; VariantName = "[No Variations]"
Change component parameters (AddParameter): Name = "Supplier Part Number 1"; Value = "LFCV-52+"; VariantName = "[No Variations]"
Change component parameters: Designator = "FL11"; Footprint = "LFCV-52+_LPF_v2"; UniqueID = "\TTSRDSSA"
Change component parameters. Clean all parameters for all variants
Change component parameters (AddParameter): Name = "Assembly Info"; Value = ""; VariantName = "[No Variations]"
Change component parameters (AddParameter): Name = "Manufacturer"; Value = "Mini Circuits"; VariantName = "[No Variations]"
Change component parameters (AddParameter): Name = "Manufacturer Part Number 1"; Value = "LFCV-52+"; VariantName = "[No Variations]"
Change component parameters (AddParameter): Name = "Part Description"; Value = "Ceramic Low Pass Filter, 50?, DC to 52 MHz"; VariantName = "[No Variations]"
Change component parameters (AddParameter): Name = "Supplier 1"; Value = "Mini Circuits"; VariantName = "[No Variations]"
Change component parameters (AddParameter): Name = "Supplier Part Number 1"; Value = "LFCV-52+"; VariantName = "[No Variations]"
Change component parameters: Designator = "FL12"; Footprint = "LFCV-52+_LPF_v2"; UniqueID = "\SDQMJRKF"
Change component parameters. Clean all parameters for all variants
Change component parameters (AddParameter): Name = "Assembly Info"; Value = ""; VariantName = "[No Variations]"
Change component parameters (AddParameter): Name = "Manufacturer"; Value = "Mini Circuits"; VariantName = "[No Variations]"
Change component parameters (AddParameter): Name = "Manufacturer Part Number 1"; Value = "LFCV-52+"; VariantName = "[No Variations]"
Change component parameters (AddParameter): Name = "Part Description"; Value = "Ceramic Low Pass Filter, 50?, DC to 52 MHz"; VariantName = "[No Variations]"
Change component parameters (AddParameter): Name = "Supplier 1"; Value = "Mini Circuits"; VariantName = "[No Variations]"
Change component parameters (AddParameter): Name = "Supplier Part Number 1"; Value = "LFCV-52+"; VariantName = "[No Variations]"
Change component parameters: Designator = "FL13"; Footprint = "LFCV-52+_LPF_v2"; UniqueID = "\LXWIYFVY"
Change component parameters. Clean all parameters for all variants
Change component parameters (AddParameter): Name = "Assembly Info"; Value = ""; VariantName = "[No Variations]"
Change component parameters (AddParameter): Name = "Manufacturer"; Value = "Mini Circuits"; VariantName = "[No Variations]"
Change component parameters (AddParameter): Name = "Manufacturer Part Number 1"; Value = "LFCV-52+"; VariantName = "[No Variations]"
Change component parameters (AddParameter): Name = "Part Description"; Value = "Ceramic Low Pass Filter, 50?, DC to 52 MHz"; VariantName = "[No Variations]"
Change component parameters (AddParameter): Name = "Supplier 1"; Value = "Mini Circuits"; VariantName = "[No Variations]"
Change component parameters (AddParameter): Name = "Supplier Part Number 1"; Value = "LFCV-52+"; VariantName = "[No Variations]"
Change component parameters: Designator = "FL14"; Footprint = "LFCV-52+_LPF_v2"; UniqueID = "\LIPABXGL"
Change component parameters. Clean all parameters for all variants
Change component parameters (AddParameter): Name = "Assembly Info"; Value = ""; VariantName = "[No Variations]"
Change component parameters (AddParameter): Name = "Manufacturer"; Value = "Mini Circuits"; VariantName = "[No Variations]"
Change component parameters (AddParameter): Name = "Manufacturer Part Number 1"; Value = "LFCV-52+"; VariantName = "[No Variations]"
Change component parameters (AddParameter): Name = "Part Description"; Value = "Ceramic Low Pass Filter, 50?, DC to 52 MHz"; VariantName = "[No Variations]"
Change component parameters (AddParameter): Name = "Supplier 1"; Value = "Mini Circuits"; VariantName = "[No Variations]"
Change component parameters (AddParameter): Name = "Supplier Part Number 1"; Value = "LFCV-52+"; VariantName = "[No Variations]"
Change component parameters: Designator = "FL15"; Footprint = "LFCV-52+_LPF_v2"; UniqueID = "\JDRVAOCM"
Change component parameters. Clean all parameters for all variants
Change component parameters (AddParameter): Name = "Assembly Info"; Value = ""; VariantName = "[No Variations]"
Change component parameters (AddParameter): Name = "Manufacturer"; Value = "Mini Circuits"; VariantName = "[No Variations]"
Change component parameters (AddParameter): Name = "Manufacturer Part Number 1"; Value = "LFCV-52+"; VariantName = "[No Variations]"
Change component parameters (AddParameter): Name = "Part Description"; Value = "Ceramic Low Pass Filter, 50?, DC to 52 MHz"; VariantName = "[No Variations]"
Change component parameters (AddParameter): Name = "Supplier 1"; Value = "Mini Circuits"; VariantName = "[No Variations]"
Change component parameters (AddParameter): Name = "Supplier Part Number 1"; Value = "LFCV-52+"; VariantName = "[No Variations]"
Change component parameters: Designator = "FL16"; Footprint = "LFCV-52+_LPF_v2"; UniqueID = "\JDMKFOWA"
Change component parameters. Clean all parameters for all variants
Change component parameters (AddParameter): Name = "Assembly Info"; Value = ""; VariantName = "[No Variations]"
Change component parameters (AddParameter): Name = "Manufacturer"; Value = "Mini Circuits"; VariantName = "[No Variations]"
Change component parameters (AddParameter): Name = "Manufacturer Part Number 1"; Value = "LFCV-52+"; VariantName = "[No Variations]"
Change component parameters (AddParameter): Name = "Part Description"; Value = "Ceramic Low Pass Filter, 50?, DC to 52 MHz"; VariantName = "[No Variations]"
Change component parameters (AddParameter): Name = "Supplier 1"; Value = "Mini Circuits"; VariantName = "[No Variations]"
Change component parameters (AddParameter): Name = "Supplier Part Number 1"; Value = "LFCV-52+"; VariantName = "[No Variations]"
Added Pin To Net: NetName=GND Pin=IC39-W18
